24-04-2023 10:49:55 :   Config file is loaded
24-04-2023 10:49:55 :   C:\Users\JP\source\repos\TestProject\Tests Reports\Reports20230424 104955
24-04-2023 10:49:55 :   Inside Before Test Runhttps://www.youtube.com/
24-04-2023 10:49:56 :   Initializing Extent Reports
24-04-2023 10:49:56 :   Reports File Path - C:\Users\JP\source\repos\TestProject\Reports\report24-04-2023 10:49:56.html
24-04-2023 10:49:56 :   Reports File Path - C:\Users\JP\source\repos\TestProject\Reports\report24-04-2023 10:49:56.html
24-04-2023 10:49:56 :   Reports File Initilized
4/24/2023 10:49:56 AM :   Running before feature...
4/24/2023 10:49:56 AM :   Before Feature executed
4/24/2023 10:49:56 AM :   Into Before Scenario
4/24/2023 10:50:13 AM :   Running before Scenario...Youtube testing - Scenario1
4/24/2023 10:50:13 AM :   Step def file
4/24/2023 10:50:24 AM :   Running after test step...Search gavs tech in youtube
4/24/2023 10:50:25 AM :   Clicked Channel 
4/24/2023 10:50:29 AM :   Running after test step...Navigate to channel
4/24/2023 10:50:29 AM :   Retrived Title 
4/24/2023 10:50:30 AM :   Running after test step...Verify title of the page "GAVS - YouTube"
4/24/2023 10:50:32 AM :   Driver closed
4/24/2023 10:50:32 AM :   Into Before Scenario
4/24/2023 10:50:42 AM :   Running before Scenario...Youtube testing - Scenario2
4/24/2023 10:50:42 AM :   Step def file
4/24/2023 10:50:50 AM :   Running after test step...Search gavs tech in youtube
4/24/2023 10:50:51 AM :   Clicked Channel 
4/24/2023 10:50:56 AM :   Running after test step...Navigate to channel
4/24/2023 10:50:56 AM :   Running after test step...Verify title of the page "GAVS - y"
4/24/2023 10:50:58 AM :   Driver closed
4/24/2023 10:50:58 AM :   Running after feature...
24-04-2023 10:50:58 :   Running after test run...
24-04-2023 10:50:58 :   Closing Extent Report
